<?xml version="1.0" encoding="UTF-8"?>
<persistence xmlns="http://xmlns.jcp.org/xml/ns/persistence"
	xmlns:xsi="http://www.w3.org/2001/XMLSchema-instance"
	xsi:schemaLocation="http://xmlns.jcp.org/xml/ns/persistence http://xmlns.jcp.org/xml/ns/persistence/persistence_2_1.xsd"
	version="2.1">
	<persistence-unit name="performancePU">
		<!-- <provider>org.eclipse.persistence.jpa.PersistenceProvider</provider> -->
		<jta-data-source>java:/performance</jta-data-source>

		<!-- <class>com.rp.performance.domain.Empresa</class> <class>com.rp.performance.domain.Endereco</class> 
			<class>com.rp.performance.domain.Telefone</class> <class>com.rp.performance.domain.TipoTelefoneConverter</class> 
			<class>com.rp.performance.domain.prova.AreaConhecimento</class> <class>com.rp.performance.domain.prova.Assunto</class> 
			<class>com.rp.performance.domain.prova.NivelDificuldade</class> <class>com.rp.performance.domain.prova.Questao</class> 
			<class>com.rp.performance.domain.prova.AlternativaQuestao</class> <class>com.rp.performance.domain.prova.Prova</class> 
			<class>com.rp.performance.domain.prova.execucao.Candidato</class> <class>com.rp.performance.domain.prova.execucao.ExecucaoProva</class> -->
		<exclude-unlisted-classes>false</exclude-unlisted-classes>

		<properties>
			<property name="hibernate.dialect"
			value="org.hibernate.dialect.HSQLDialect"/>
			<property name="hibernate.hbm2ddl.auto" value="create-drop" />
			<!-- <property name="eclipselink.ddl-generation" value="drop-and-create-tables" 
				/> <property name="eclipselink.create-ddl-jdbc-file-name" value="createDDL_ddlGeneration.sql" 
				/> <property name="eclipselink.drop-ddl-jdbc-file-name" value="dropDDL_ddlGeneration.sql" 
				/> <property name="eclipselink.ddl-generation.output-mode" value="both" /> 
				<property name="eclipselink.logging.level" value="ALL" /> <property name="eclipselink.logging.level.sql" 
				value="FINE" /> <property name="eclipselink.logging.parameters" value="true" 
				/> -->

		</properties>
	</persistence-unit>
</persistence>